{"/Users/fabien/lab/js/frontend-clean-architecture-v2/packages/domain/lib/index.ts": {"path":"/Users/fabien/lab/js/frontend-clean-architecture-v2/packages/domain/lib/index.ts","statementMap":{"0":{"start":{"line":2,"column":0},"end":{"line":2,"column":27}},"1":{"start":{"line":5,"column":0},"end":{"line":5,"column":27}},"2":{"start":{"line":8,"column":0},"end":{"line":8,"column":24}}},"fnMap":{},"branchMap":{},"s":{"0":3,"1":3,"2":3},"f":{},"b":{}}
,"/Users/fabien/lab/js/frontend-clean-architecture-v2/packages/domain/lib/entities/Price.ts": {"path":"/Users/fabien/lab/js/frontend-clean-architecture-v2/packages/domain/lib/entities/Price.ts","statementMap":{"0":{"start":{"line":1,"column":0},"end":{"line":1,"column":13}},"1":{"start":{"line":3,"column":15},"end":{"line":3,"column":28}},"2":{"start":{"line":4,"column":15},"end":{"line":4,"column":31}},"3":{"start":{"line":6,"column":0},"end":{"line":6,"column":null}},"4":{"start":{"line":1,"column":13},"end":{"line":1,"column":18}}},"fnMap":{"0":{"name":"(anonymous_0)","decl":{"start":{"line":1,"column":0},"end":{"line":1,"column":13}},"loc":{"start":{"line":1,"column":0},"end":{"line":6,"column":null}}},"1":{"name":"Price","decl":{"start":{"line":2,"column":4},"end":{"line":2,"column":null}},"loc":{"start":{"line":4,"column":31},"end":{"line":5,"column":8}}}},"branchMap":{},"s":{"0":3,"1":6,"2":6,"3":3,"4":3},"f":{"0":3,"1":6},"b":{}}
,"/Users/fabien/lab/js/frontend-clean-architecture-v2/packages/domain/lib/entities/Sale.ts": {"path":"/Users/fabien/lab/js/frontend-clean-architecture-v2/packages/domain/lib/entities/Sale.ts","statementMap":{"0":{"start":{"line":1,"column":0},"end":{"line":1,"column":30}},"1":{"start":{"line":3,"column":0},"end":{"line":3,"column":13}},"2":{"start":{"line":5,"column":15},"end":{"line":5,"column":25}},"3":{"start":{"line":6,"column":15},"end":{"line":6,"column":25}},"4":{"start":{"line":7,"column":15},"end":{"line":7,"column":27}},"5":{"start":{"line":8,"column":15},"end":{"line":8,"column":28}},"6":{"start":{"line":11,"column":11},"end":{"line":13,"column":null}},"7":{"start":{"line":12,"column":8},"end":{"line":12,"column":71}},"8":{"start":{"line":14,"column":0},"end":{"line":14,"column":null}},"9":{"start":{"line":3,"column":13},"end":{"line":3,"column":17}}},"fnMap":{"0":{"name":"(anonymous_0)","decl":{"start":{"line":3,"column":0},"end":{"line":3,"column":13}},"loc":{"start":{"line":3,"column":0},"end":{"line":14,"column":null}}},"1":{"name":"Sale","decl":{"start":{"line":4,"column":4},"end":{"line":4,"column":null}},"loc":{"start":{"line":8,"column":28},"end":{"line":9,"column":8}}},"2":{"name":"(anonymous_2)","decl":{"start":{"line":11,"column":4},"end":{"line":11,"column":11}},"loc":{"start":{"line":11,"column":4},"end":{"line":13,"column":5}}}},"branchMap":{},"s":{"0":3,"1":3,"2":5,"3":5,"4":5,"5":5,"6":3,"7":1,"8":3,"9":3},"f":{"0":3,"1":5,"2":1},"b":{}}
,"/Users/fabien/lab/js/frontend-clean-architecture-v2/packages/domain/lib/entities/index.ts": {"path":"/Users/fabien/lab/js/frontend-clean-architecture-v2/packages/domain/lib/entities/index.ts","statementMap":{"0":{"start":{"line":1,"column":0},"end":{"line":1,"column":24}},"1":{"start":{"line":2,"column":0},"end":{"line":2,"column":23}}},"fnMap":{},"branchMap":{},"s":{"0":3,"1":3},"f":{},"b":{}}
,"/Users/fabien/lab/js/frontend-clean-architecture-v2/packages/domain/lib/ports/index.ts": {"path":"/Users/fabien/lab/js/frontend-clean-architecture-v2/packages/domain/lib/ports/index.ts","statementMap":{"0":{"start":{"line":2,"column":0},"end":{"line":2,"column":46}},"1":{"start":{"line":5,"column":0},"end":{"line":5,"column":45}}},"fnMap":{},"branchMap":{},"s":{"0":3,"1":3},"f":{},"b":{}}
,"/Users/fabien/lab/js/frontend-clean-architecture-v2/packages/domain/lib/ports/requests/CreateSaleRequest.ts": {"path":"/Users/fabien/lab/js/frontend-clean-architecture-v2/packages/domain/lib/ports/requests/CreateSaleRequest.ts","statementMap":{"0":{"start":{"line":1,"column":0},"end":{"line":1,"column":13}},"1":{"start":{"line":3,"column":15},"end":{"line":3,"column":25}},"2":{"start":{"line":4,"column":15},"end":{"line":4,"column":27}},"3":{"start":{"line":5,"column":15},"end":{"line":5,"column":28}},"4":{"start":{"line":6,"column":15},"end":{"line":6,"column":28}},"5":{"start":{"line":8,"column":0},"end":{"line":8,"column":null}},"6":{"start":{"line":1,"column":13},"end":{"line":1,"column":30}}},"fnMap":{"0":{"name":"(anonymous_0)","decl":{"start":{"line":1,"column":0},"end":{"line":1,"column":13}},"loc":{"start":{"line":1,"column":0},"end":{"line":8,"column":null}}},"1":{"name":"CreateSaleRequest","decl":{"start":{"line":2,"column":4},"end":{"line":2,"column":null}},"loc":{"start":{"line":6,"column":28},"end":{"line":7,"column":8}}}},"branchMap":{},"s":{"0":3,"1":1,"2":1,"3":1,"4":1,"5":3,"6":3},"f":{"0":3,"1":1},"b":{}}
,"/Users/fabien/lab/js/frontend-clean-architecture-v2/packages/domain/lib/usecases/CreateSaleUseCase.ts": {"path":"/Users/fabien/lab/js/frontend-clean-architecture-v2/packages/domain/lib/usecases/CreateSaleUseCase.ts","statementMap":{"0":{"start":{"line":4,"column":0},"end":{"line":4,"column":13}},"1":{"start":{"line":5,"column":24},"end":{"line":5,"column":54}},"2":{"start":{"line":7,"column":10},"end":{"line":9,"column":null}},"3":{"start":{"line":8,"column":15},"end":{"line":8,"column":61}},"4":{"start":{"line":8,"column":8},"end":{"line":8,"column":61}},"5":{"start":{"line":10,"column":0},"end":{"line":10,"column":null}},"6":{"start":{"line":4,"column":13},"end":{"line":4,"column":30}}},"fnMap":{"0":{"name":"(anonymous_13)","decl":{"start":{"line":4,"column":0},"end":{"line":4,"column":13}},"loc":{"start":{"line":4,"column":0},"end":{"line":10,"column":null}}},"1":{"name":"CreateSaleUseCase","decl":{"start":{"line":5,"column":4},"end":{"line":5,"column":24}},"loc":{"start":{"line":5,"column":54},"end":{"line":5,"column":58}}},"2":{"name":"(anonymous_15)","decl":{"start":{"line":7,"column":4},"end":{"line":7,"column":10}},"loc":{"start":{"line":7,"column":44},"end":{"line":9,"column":null}}}},"branchMap":{"0":{"loc":{"start":{"line":8,"column":15},"end":{"line":8,"column":61}},"type":"switch","locations":[{"start":{"line":8,"column":15},"end":{"line":8,"column":61}},{"start":{"line":8,"column":8},"end":{"line":8,"column":61}}]}},"s":{"0":3,"1":1,"2":3,"3":1,"4":1,"5":3,"6":3},"f":{"0":3,"1":1,"2":1},"b":{"0":[1,1]}}
,"/Users/fabien/lab/js/frontend-clean-architecture-v2/packages/domain/lib/usecases/GetSalesUseCase.ts": {"path":"/Users/fabien/lab/js/frontend-clean-architecture-v2/packages/domain/lib/usecases/GetSalesUseCase.ts","statementMap":{"0":{"start":{"line":4,"column":0},"end":{"line":4,"column":13}},"1":{"start":{"line":5,"column":24},"end":{"line":5,"column":54}},"2":{"start":{"line":7,"column":10},"end":{"line":9,"column":null}},"3":{"start":{"line":8,"column":15},"end":{"line":8,"column":52}},"4":{"start":{"line":8,"column":8},"end":{"line":8,"column":52}},"5":{"start":{"line":10,"column":0},"end":{"line":10,"column":null}},"6":{"start":{"line":4,"column":13},"end":{"line":4,"column":28}}},"fnMap":{"0":{"name":"(anonymous_13)","decl":{"start":{"line":4,"column":0},"end":{"line":4,"column":13}},"loc":{"start":{"line":4,"column":0},"end":{"line":10,"column":null}}},"1":{"name":"GetSalesUseCase","decl":{"start":{"line":5,"column":4},"end":{"line":5,"column":24}},"loc":{"start":{"line":5,"column":54},"end":{"line":5,"column":58}}},"2":{"name":"(anonymous_15)","decl":{"start":{"line":7,"column":4},"end":{"line":7,"column":10}},"loc":{"start":{"line":7,"column":4},"end":{"line":9,"column":null}}}},"branchMap":{"0":{"loc":{"start":{"line":8,"column":15},"end":{"line":8,"column":52}},"type":"switch","locations":[{"start":{"line":8,"column":15},"end":{"line":8,"column":52}},{"start":{"line":8,"column":8},"end":{"line":8,"column":52}}]}},"s":{"0":3,"1":1,"2":3,"3":1,"4":1,"5":3,"6":3},"f":{"0":3,"1":1,"2":1},"b":{"0":[1,1]}}
,"/Users/fabien/lab/js/frontend-clean-architecture-v2/packages/domain/lib/usecases/UpdateSalePriceUseCase.ts": {"path":"/Users/fabien/lab/js/frontend-clean-architecture-v2/packages/domain/lib/usecases/UpdateSalePriceUseCase.ts","statementMap":{"0":{"start":{"line":1,"column":0},"end":{"line":1,"column":13}},"1":{"start":{"line":3,"column":0},"end":{"line":3,"column":null}},"2":{"start":{"line":1,"column":13},"end":{"line":1,"column":35}}},"fnMap":{"0":{"name":"(anonymous_0)","decl":{"start":{"line":1,"column":0},"end":{"line":1,"column":13}},"loc":{"start":{"line":1,"column":0},"end":{"line":3,"column":null}}}},"branchMap":{},"s":{"0":3,"1":3,"2":3},"f":{"0":3},"b":{}}
,"/Users/fabien/lab/js/frontend-clean-architecture-v2/packages/domain/lib/usecases/index.ts": {"path":"/Users/fabien/lab/js/frontend-clean-architecture-v2/packages/domain/lib/usecases/index.ts","statementMap":{"0":{"start":{"line":1,"column":0},"end":{"line":1,"column":37}},"1":{"start":{"line":2,"column":0},"end":{"line":2,"column":35}},"2":{"start":{"line":3,"column":0},"end":{"line":3,"column":42}}},"fnMap":{},"branchMap":{},"s":{"0":3,"1":3,"2":3},"f":{},"b":{}}
}
