TN:
SF:lib/index.ts
FNF:0
FNH:0
DA:2,3
DA:5,3
DA:8,3
LF:3
LH:3
BRF:0
BRH:0
end_of_record
TN:
SF:lib/entities/Price.ts
FN:1,(anonymous_0)
FN:2,Price
FNF:2
FNH:2
FNDA:3,(anonymous_0)
FNDA:6,Price
DA:1,3
DA:3,6
DA:4,6
DA:6,3
LF:4
LH:4
BRF:0
BRH:0
end_of_record
TN:
SF:lib/entities/Sale.ts
FN:3,(anonymous_0)
FN:4,Sale
FN:11,(anonymous_2)
FNF:3
FNH:3
FNDA:3,(anonymous_0)
FNDA:5,Sale
FNDA:1,(anonymous_2)
DA:1,3
DA:3,3
DA:5,5
DA:6,5
DA:7,5
DA:8,5
DA:11,3
DA:12,1
DA:14,3
LF:9
LH:9
BRF:0
BRH:0
end_of_record
TN:
SF:lib/entities/index.ts
FNF:0
FNH:0
DA:1,3
DA:2,3
LF:2
LH:2
BRF:0
BRH:0
end_of_record
TN:
SF:lib/ports/index.ts
FNF:0
FNH:0
DA:2,3
DA:5,3
LF:2
LH:2
BRF:0
BRH:0
end_of_record
TN:
SF:lib/ports/requests/CreateSaleRequest.ts
FN:1,(anonymous_0)
FN:2,CreateSaleRequest
FNF:2
FNH:2
FNDA:3,(anonymous_0)
FNDA:1,CreateSaleRequest
DA:1,3
DA:3,1
DA:4,1
DA:5,1
DA:6,1
DA:8,3
LF:6
LH:6
BRF:0
BRH:0
end_of_record
TN:
SF:lib/usecases/CreateSaleUseCase.ts
FN:4,(anonymous_13)
FN:5,CreateSaleUseCase
FN:7,(anonymous_15)
FNF:3
FNH:3
FNDA:3,(anonymous_13)
FNDA:1,CreateSaleUseCase
FNDA:1,(anonymous_15)
DA:4,3
DA:5,1
DA:7,3
DA:8,1
DA:10,3
LF:5
LH:5
BRDA:8,0,0,1
BRDA:8,0,1,1
BRF:2
BRH:2
end_of_record
TN:
SF:lib/usecases/GetSalesUseCase.ts
FN:4,(anonymous_13)
FN:5,GetSalesUseCase
FN:7,(anonymous_15)
FNF:3
FNH:3
FNDA:3,(anonymous_13)
FNDA:1,GetSalesUseCase
FNDA:1,(anonymous_15)
DA:4,3
DA:5,1
DA:7,3
DA:8,1
DA:10,3
LF:5
LH:5
BRDA:8,0,0,1
BRDA:8,0,1,1
BRF:2
BRH:2
end_of_record
TN:
SF:lib/usecases/UpdateSalePriceUseCase.ts
FN:1,(anonymous_0)
FNF:1
FNH:1
FNDA:3,(anonymous_0)
DA:1,3
DA:3,3
LF:2
LH:2
BRF:0
BRH:0
end_of_record
TN:
SF:lib/usecases/index.ts
FNF:0
FNH:0
DA:1,3
DA:2,3
DA:3,3
LF:3
LH:3
BRF:0
BRH:0
end_of_record
