<?xml version="1.0" encoding="UTF-8"?>
<coverage generated="1678295389950" clover="3.2.0">
  <project timestamp="1678295389950" name="All files">
    <metrics statements="38" coveredstatements="33" conditionals="24" coveredconditionals="24" methods="14" coveredmethods="9" elements="76" coveredelements="66" complexity="0" loc="38" ncloc="38" packages="5" files="7" classes="7"/>
    <package name="lib">
      <metrics statements="2" coveredstatements="2" conditionals="0" coveredconditionals="0" methods="0" coveredmethods="0"/>
      <file name="index.ts" path="/Users/fabien/lab/js/frontend-clean-architecture-v2/packages/adapters/lib/index.ts">
        <metrics statements="2" coveredstatements="2" conditionals="0" coveredconditionals="0" methods="0" coveredmethods="0"/>
        <line num="2" count="2" type="stmt"/>
        <line num="5" count="2" type="stmt"/>
      </file>
    </package>
    <package name="lib.presenters">
      <metrics statements="15" coveredstatements="15" conditionals="24" coveredconditionals="24" methods="4" coveredmethods="4"/>
      <file name="SalePresenter.ts" path="/Users/fabien/lab/js/frontend-clean-architecture-v2/packages/adapters/lib/presenters/SalePresenter.ts">
        <metrics statements="14" coveredstatements="14" conditionals="24" coveredconditionals="24" methods="4" coveredmethods="4"/>
        <line num="4" count="2" type="stmt"/>
        <line num="6" count="1" type="stmt"/>
        <line num="7" count="1" type="stmt"/>
        <line num="8" count="1" type="stmt"/>
        <line num="9" count="1" type="stmt"/>
        <line num="12" count="2" type="stmt"/>
        <line num="13" count="3" type="stmt"/>
        <line num="21" count="2" type="stmt"/>
        <line num="22" count="3" type="cond" truecount="1" falsecount="0"/>
        <line num="23" count="1" type="stmt"/>
        <line num="25" count="2" type="cond" truecount="1" falsecount="0"/>
        <line num="26" count="1" type="stmt"/>
        <line num="28" count="1" type="stmt"/>
        <line num="30" count="2" type="stmt"/>
      </file>
      <file name="index.ts" path="/Users/fabien/lab/js/frontend-clean-architecture-v2/packages/adapters/lib/presenters/index.ts">
        <metrics statements="1" coveredstatements="1" conditionals="0" coveredconditionals="0" methods="0" coveredmethods="0"/>
        <line num="1" count="2" type="stmt"/>
      </file>
    </package>
    <package name="lib.repositories">
      <metrics statements="1" coveredstatements="1" conditionals="0" coveredconditionals="0" methods="0" coveredmethods="0"/>
      <file name="index.ts" path="/Users/fabien/lab/js/frontend-clean-architecture-v2/packages/adapters/lib/repositories/index.ts">
        <metrics statements="1" coveredstatements="1" conditionals="0" coveredconditionals="0" methods="0" coveredmethods="0"/>
        <line num="2" count="2" type="stmt"/>
      </file>
    </package>
    <package name="lib.repositories.http">
      <metrics statements="13" coveredstatements="8" conditionals="0" coveredconditionals="0" methods="6" coveredmethods="1"/>
      <file name="SaleRepositoryHttp.ts" path="/Users/fabien/lab/js/frontend-clean-architecture-v2/packages/adapters/lib/repositories/http/SaleRepositoryHttp.ts">
        <metrics statements="10" coveredstatements="5" conditionals="0" coveredconditionals="0" methods="6" coveredmethods="1"/>
        <line num="3" count="2" type="stmt"/>
        <line num="6" count="2" type="stmt"/>
        <line num="7" count="0" type="stmt"/>
        <line num="10" count="2" type="stmt"/>
        <line num="11" count="0" type="stmt"/>
        <line num="15" count="0" type="stmt"/>
        <line num="18" count="2" type="stmt"/>
        <line num="19" count="0" type="stmt"/>
        <line num="20" count="0" type="stmt"/>
        <line num="22" count="2" type="stmt"/>
      </file>
      <file name="index.ts" path="/Users/fabien/lab/js/frontend-clean-architecture-v2/packages/adapters/lib/repositories/http/index.ts">
        <metrics statements="3" coveredstatements="3" conditionals="0" coveredconditionals="0" methods="0" coveredmethods="0"/>
        <line num="1" count="2" type="stmt"/>
        <line num="4" count="2" type="stmt"/>
        <line num="7" count="2" type="stmt"/>
      </file>
    </package>
    <package name="lib.repositories.http.responses">
      <metrics statements="7" coveredstatements="7" conditionals="0" coveredconditionals="0" methods="4" coveredmethods="4"/>
      <file name="SaleResponse.ts" path="/Users/fabien/lab/js/frontend-clean-architecture-v2/packages/adapters/lib/repositories/http/responses/SaleResponse.ts">
        <metrics statements="7" coveredstatements="7" conditionals="0" coveredconditionals="0" methods="4" coveredmethods="4"/>
        <line num="1" count="2" type="stmt"/>
        <line num="10" count="2" type="stmt"/>
        <line num="11" count="2" type="stmt"/>
        <line num="12" count="3" type="stmt"/>
        <line num="20" count="2" type="stmt"/>
        <line num="21" count="2" type="stmt"/>
        <line num="23" count="2" type="stmt"/>
      </file>
    </package>
  </project>
</coverage>
