{"/Users/fabien/lab/js/frontend-clean-architecture-v2/packages/adapters/lib/index.ts": {"path":"/Users/fabien/lab/js/frontend-clean-architecture-v2/packages/adapters/lib/index.ts","statementMap":{"0":{"start":{"line":2,"column":0},"end":{"line":2,"column":31}},"1":{"start":{"line":5,"column":0},"end":{"line":5,"column":29}}},"fnMap":{},"branchMap":{},"s":{"0":2,"1":2},"f":{},"b":{}}
,"/Users/fabien/lab/js/frontend-clean-architecture-v2/packages/adapters/lib/presenters/SalePresenter.ts": {"path":"/Users/fabien/lab/js/frontend-clean-architecture-v2/packages/adapters/lib/presenters/SalePresenter.ts","statementMap":{"0":{"start":{"line":4,"column":0},"end":{"line":4,"column":13}},"1":{"start":{"line":6,"column":15},"end":{"line":6,"column":25}},"2":{"start":{"line":7,"column":15},"end":{"line":7,"column":27}},"3":{"start":{"line":8,"column":15},"end":{"line":8,"column":28}},"4":{"start":{"line":9,"column":15},"end":{"line":9,"column":28}},"5":{"start":{"line":12,"column":11},"end":{"line":19,"column":null}},"6":{"start":{"line":13,"column":8},"end":{"line":18,"column":null}},"7":{"start":{"line":21,"column":19},"end":{"line":29,"column":null}},"8":{"start":{"line":22,"column":8},"end":{"line":24,"column":null}},"9":{"start":{"line":23,"column":12},"end":{"line":23,"column":22}},"10":{"start":{"line":25,"column":8},"end":{"line":27,"column":null}},"11":{"start":{"line":26,"column":12},"end":{"line":26,"column":49}},"12":{"start":{"line":28,"column":8},"end":{"line":28,"column":61}},"13":{"start":{"line":30,"column":0},"end":{"line":30,"column":null}},"14":{"start":{"line":4,"column":13},"end":{"line":4,"column":26}}},"fnMap":{"0":{"name":"(anonymous_0)","decl":{"start":{"line":4,"column":0},"end":{"line":4,"column":13}},"loc":{"start":{"line":4,"column":0},"end":{"line":30,"column":null}}},"1":{"name":"SalePresenter","decl":{"start":{"line":5,"column":4},"end":{"line":5,"column":null}},"loc":{"start":{"line":9,"column":28},"end":{"line":10,"column":8}}},"2":{"name":"(anonymous_2)","decl":{"start":{"line":12,"column":4},"end":{"line":12,"column":11}},"loc":{"start":{"line":12,"column":44},"end":{"line":19,"column":5}}},"3":{"name":"(anonymous_3)","decl":{"start":{"line":21,"column":4},"end":{"line":21,"column":19}},"loc":{"start":{"line":21,"column":56},"end":{"line":29,"column":5}}}},"branchMap":{"0":{"loc":{"start":{"line":14,"column":16},"end":{"line":14,"column":30}},"type":"binary-expr","locations":[{"start":{"line":14,"column":16},"end":{"line":14,"column":24}},{"start":{"line":14,"column":28},"end":{"line":14,"column":30}}]},"1":{"loc":{"start":{"line":14,"column":16},"end":{"line":14,"column":24}},"type":"cond-expr","locations":[{"start":{"line":14,"column":20},"end":{"line":14,"column":22}},{"start":{"line":14,"column":16},"end":{"line":14,"column":24}}]},"2":{"loc":{"start":{"line":14,"column":16},"end":{"line":14,"column":22}},"type":"binary-expr","locations":[{"start":{"line":14,"column":16},"end":{"line":14,"column":22}},{"start":{"line":14,"column":16},"end":{"line":14,"column":22}}]},"3":{"loc":{"start":{"line":15,"column":18},"end":{"line":15,"column":48}},"type":"binary-expr","locations":[{"start":{"line":15,"column":18},"end":{"line":15,"column":42}},{"start":{"line":15,"column":46},"end":{"line":15,"column":48}}]},"4":{"loc":{"start":{"line":15,"column":18},"end":{"line":15,"column":42}},"type":"cond-expr","locations":[{"start":{"line":15,"column":22},"end":{"line":15,"column":24}},{"start":{"line":15,"column":18},"end":{"line":15,"column":42}}]},"5":{"loc":{"start":{"line":15,"column":18},"end":{"line":15,"column":24}},"type":"binary-expr","locations":[{"start":{"line":15,"column":18},"end":{"line":15,"column":24}},{"start":{"line":15,"column":18},"end":{"line":15,"column":24}}]},"6":{"loc":{"start":{"line":16,"column":37},"end":{"line":16,"column":48}},"type":"cond-expr","locations":[{"start":{"line":16,"column":41},"end":{"line":16,"column":43}},{"start":{"line":16,"column":37},"end":{"line":16,"column":48}}]},"7":{"loc":{"start":{"line":16,"column":37},"end":{"line":16,"column":43}},"type":"binary-expr","locations":[{"start":{"line":16,"column":37},"end":{"line":16,"column":43}},{"start":{"line":16,"column":37},"end":{"line":16,"column":43}}]},"8":{"loc":{"start":{"line":17,"column":19},"end":{"line":17,"column":36}},"type":"binary-expr","locations":[{"start":{"line":17,"column":19},"end":{"line":17,"column":30}},{"start":{"line":17,"column":34},"end":{"line":17,"column":36}}]},"9":{"loc":{"start":{"line":17,"column":19},"end":{"line":17,"column":30}},"type":"cond-expr","locations":[{"start":{"line":17,"column":23},"end":{"line":17,"column":25}},{"start":{"line":17,"column":19},"end":{"line":17,"column":30}}]},"10":{"loc":{"start":{"line":17,"column":19},"end":{"line":17,"column":25}},"type":"binary-expr","locations":[{"start":{"line":17,"column":19},"end":{"line":17,"column":25}},{"start":{"line":17,"column":19},"end":{"line":17,"column":25}}]},"11":{"loc":{"start":{"line":22,"column":8},"end":{"line":24,"column":null}},"type":"if","locations":[{"start":{"line":22,"column":8},"end":{"line":24,"column":null}}]},"12":{"loc":{"start":{"line":25,"column":8},"end":{"line":27,"column":null}},"type":"if","locations":[{"start":{"line":25,"column":8},"end":{"line":27,"column":null}}]}},"s":{"0":2,"1":1,"2":1,"3":1,"4":1,"5":2,"6":3,"7":2,"8":3,"9":1,"10":2,"11":1,"12":1,"13":2,"14":2},"f":{"0":2,"1":1,"2":3,"3":3},"b":{"0":[3,1],"1":[1,2],"2":[3,3],"3":[3,1],"4":[1,2],"5":[3,3],"6":[1,2],"7":[3,3],"8":[3,1],"9":[1,2],"10":[3,3],"11":[1],"12":[1]}}
,"/Users/fabien/lab/js/frontend-clean-architecture-v2/packages/adapters/lib/presenters/index.ts": {"path":"/Users/fabien/lab/js/frontend-clean-architecture-v2/packages/adapters/lib/presenters/index.ts","statementMap":{"0":{"start":{"line":1,"column":0},"end":{"line":1,"column":32}}},"fnMap":{},"branchMap":{},"s":{"0":2},"f":{},"b":{}}
,"/Users/fabien/lab/js/frontend-clean-architecture-v2/packages/adapters/lib/repositories/index.ts": {"path":"/Users/fabien/lab/js/frontend-clean-architecture-v2/packages/adapters/lib/repositories/index.ts","statementMap":{"0":{"start":{"line":2,"column":0},"end":{"line":2,"column":23}}},"fnMap":{},"branchMap":{},"s":{"0":2},"f":{},"b":{}}
,"/Users/fabien/lab/js/frontend-clean-architecture-v2/packages/adapters/lib/repositories/http/SaleRepositoryHttp.ts": {"path":"/Users/fabien/lab/js/frontend-clean-architecture-v2/packages/adapters/lib/repositories/http/SaleRepositoryHttp.ts","statementMap":{"0":{"start":{"line":3,"column":0},"end":{"line":3,"column":68}},"1":{"start":{"line":6,"column":0},"end":{"line":6,"column":13}},"2":{"start":{"line":7,"column":24},"end":{"line":7,"column":46}},"3":{"start":{"line":10,"column":4},"end":{"line":16,"column":null}},"4":{"start":{"line":11,"column":8},"end":{"line":15,"column":59}},"5":{"start":{"line":15,"column":26},"end":{"line":15,"column":58}},"6":{"start":{"line":18,"column":4},"end":{"line":21,"column":null}},"7":{"start":{"line":19,"column":8},"end":{"line":20,"column":62}},"8":{"start":{"line":20,"column":27},"end":{"line":20,"column":61}},"9":{"start":{"line":22,"column":0},"end":{"line":22,"column":null}},"10":{"start":{"line":6,"column":13},"end":{"line":6,"column":31}}},"fnMap":{"0":{"name":"(anonymous_0)","decl":{"start":{"line":6,"column":0},"end":{"line":6,"column":13}},"loc":{"start":{"line":6,"column":0},"end":{"line":22,"column":null}}},"1":{"name":"SaleRepositoryHttp","decl":{"start":{"line":7,"column":4},"end":{"line":7,"column":24}},"loc":{"start":{"line":7,"column":46},"end":{"line":8,"column":5}}},"2":{"name":"(anonymous_2)","decl":{"start":{"line":10,"column":4},"end":{"line":10,"column":14}},"loc":{"start":{"line":10,"column":41},"end":{"line":16,"column":5}}},"3":{"name":"(anonymous_3)","decl":{"start":{"line":15,"column":18},"end":{"line":15,"column":22}},"loc":{"start":{"line":15,"column":22},"end":{"line":15,"column":38}}},"4":{"name":"(anonymous_4)","decl":{"start":{"line":18,"column":4},"end":{"line":18,"column":12}},"loc":{"start":{"line":18,"column":4},"end":{"line":21,"column":5}}},"5":{"name":"(anonymous_5)","decl":{"start":{"line":20,"column":18},"end":{"line":20,"column":23}},"loc":{"start":{"line":20,"column":23},"end":{"line":20,"column":39}}}},"branchMap":{},"s":{"0":2,"1":2,"2":0,"3":2,"4":0,"5":0,"6":2,"7":0,"8":0,"9":2,"10":2},"f":{"0":2,"1":0,"2":0,"3":0,"4":0,"5":0},"b":{}}
,"/Users/fabien/lab/js/frontend-clean-architecture-v2/packages/adapters/lib/repositories/http/index.ts": {"path":"/Users/fabien/lab/js/frontend-clean-architecture-v2/packages/adapters/lib/repositories/http/index.ts","statementMap":{"0":{"start":{"line":1,"column":0},"end":{"line":1,"column":29}},"1":{"start":{"line":4,"column":0},"end":{"line":4,"column":41}},"2":{"start":{"line":7,"column":0},"end":{"line":7,"column":37}}},"fnMap":{},"branchMap":{},"s":{"0":2,"1":2,"2":2},"f":{},"b":{}}
,"/Users/fabien/lab/js/frontend-clean-architecture-v2/packages/adapters/lib/repositories/http/responses/SaleResponse.ts": {"path":"/Users/fabien/lab/js/frontend-clean-architecture-v2/packages/adapters/lib/repositories/http/responses/SaleResponse.ts","statementMap":{"0":{"start":{"line":1,"column":0},"end":{"line":1,"column":52}},"1":{"start":{"line":10,"column":0},"end":{"line":10,"column":13}},"2":{"start":{"line":11,"column":11},"end":{"line":18,"column":null}},"3":{"start":{"line":12,"column":8},"end":{"line":17,"column":10}},"4":{"start":{"line":20,"column":11},"end":{"line":22,"column":null}},"5":{"start":{"line":20,"column":4},"end":{"line":20,"column":11}},"6":{"start":{"line":21,"column":8},"end":{"line":21,"column":58}},"7":{"start":{"line":21,"column":33},"end":{"line":21,"column":57}},"8":{"start":{"line":23,"column":0},"end":{"line":23,"column":null}},"9":{"start":{"line":10,"column":13},"end":{"line":10,"column":25}}},"fnMap":{"0":{"name":"(anonymous_0)","decl":{"start":{"line":10,"column":0},"end":{"line":10,"column":13}},"loc":{"start":{"line":10,"column":0},"end":{"line":23,"column":null}}},"1":{"name":"(anonymous_2)","decl":{"start":{"line":11,"column":4},"end":{"line":11,"column":11}},"loc":{"start":{"line":11,"column":37},"end":{"line":18,"column":5}}},"2":{"name":"(anonymous_3)","decl":{"start":{"line":20,"column":4},"end":{"line":20,"column":11}},"loc":{"start":{"line":20,"column":41},"end":{"line":22,"column":5}}},"3":{"name":"(anonymous_4)","decl":{"start":{"line":21,"column":25},"end":{"line":21,"column":29}},"loc":{"start":{"line":21,"column":29},"end":{"line":21,"column":37}}}},"branchMap":{},"s":{"0":2,"1":2,"2":2,"3":3,"4":2,"5":1,"6":1,"7":2,"8":2,"9":2},"f":{"0":2,"1":3,"2":1,"3":2},"b":{}}
}
