TN:
SF:lib/index.ts
FNF:0
FNH:0
DA:2,2
DA:5,2
LF:2
LH:2
BRF:0
BRH:0
end_of_record
TN:
SF:lib/presenters/SalePresenter.ts
FN:4,(anonymous_0)
FN:5,SalePresenter
FN:12,(anonymous_2)
FN:21,(anonymous_3)
FNF:4
FNH:4
FNDA:2,(anonymous_0)
FNDA:1,SalePresenter
FNDA:3,(anonymous_2)
FNDA:3,(anonymous_3)
DA:4,2
DA:6,1
DA:7,1
DA:8,1
DA:9,1
DA:12,2
DA:13,3
DA:21,2
DA:22,3
DA:23,1
DA:25,2
DA:26,1
DA:28,1
DA:30,2
LF:14
LH:14
BRDA:14,0,0,3
BRDA:14,0,1,1
BRDA:14,1,0,1
BRDA:14,1,1,2
BRDA:14,2,0,3
BRDA:14,2,1,3
BRDA:15,3,0,3
BRDA:15,3,1,1
BRDA:15,4,0,1
BRDA:15,4,1,2
BRDA:15,5,0,3
BRDA:15,5,1,3
BRDA:16,6,0,1
BRDA:16,6,1,2
BRDA:16,7,0,3
BRDA:16,7,1,3
BRDA:17,8,0,3
BRDA:17,8,1,1
BRDA:17,9,0,1
BRDA:17,9,1,2
BRDA:17,10,0,3
BRDA:17,10,1,3
BRDA:22,11,0,1
BRDA:25,12,0,1
BRF:24
BRH:24
end_of_record
TN:
SF:lib/presenters/index.ts
FNF:0
FNH:0
DA:1,2
LF:1
LH:1
BRF:0
BRH:0
end_of_record
TN:
SF:lib/repositories/index.ts
FNF:0
FNH:0
DA:2,2
LF:1
LH:1
BRF:0
BRH:0
end_of_record
TN:
SF:lib/repositories/http/SaleRepositoryHttp.ts
FN:6,(anonymous_0)
FN:7,SaleRepositoryHttp
FN:10,(anonymous_2)
FN:15,(anonymous_3)
FN:18,(anonymous_4)
FN:20,(anonymous_5)
FNF:6
FNH:1
FNDA:2,(anonymous_0)
FNDA:0,SaleRepositoryHttp
FNDA:0,(anonymous_2)
FNDA:0,(anonymous_3)
FNDA:0,(anonymous_4)
FNDA:0,(anonymous_5)
DA:3,2
DA:6,2
DA:7,0
DA:10,2
DA:11,0
DA:15,0
DA:18,2
DA:19,0
DA:20,0
DA:22,2
LF:10
LH:5
BRF:0
BRH:0
end_of_record
TN:
SF:lib/repositories/http/index.ts
FNF:0
FNH:0
DA:1,2
DA:4,2
DA:7,2
LF:3
LH:3
BRF:0
BRH:0
end_of_record
TN:
SF:lib/repositories/http/responses/SaleResponse.ts
FN:10,(anonymous_0)
FN:11,(anonymous_2)
FN:20,(anonymous_3)
FN:21,(anonymous_4)
FNF:4
FNH:4
FNDA:2,(anonymous_0)
FNDA:3,(anonymous_2)
FNDA:1,(anonymous_3)
FNDA:2,(anonymous_4)
DA:1,2
DA:10,2
DA:11,2
DA:12,3
DA:20,2
DA:21,2
DA:23,2
LF:7
LH:7
BRF:0
BRH:0
end_of_record
